[32m[0716 16:10:12 @logger.py:92][0m Argv: /usr/local/lib/python3.7/dist-packages/ipykernel_launcher.py -f /root/.local/share/jupyter/runtime/kernel-0f562677-9457-43f0-9242-37f8c5c2f7d8.json
[32m[0716 16:10:12 @fs.py:101][0m [5m[31mWRN[0m Env var $TENSORPACK_DATASET not set, using /root/tensorpack_data for datasets.
[32m[0716 16:10:12 @fs.py:104][0m Created the directory /root/tensorpack_data.
[32m[0716 16:10:12 @svhn.py:42][0m File /root/tensorpack_data/svhn_data/train_32x32.mat not found!
[32m[0716 16:10:12 @svhn.py:43][0m Downloading from http://ufldl.stanford.edu/housenumbers/train_32x32.mat ...
[32m[0716 16:10:21 @fs.py:73][0m Succesfully downloaded train_32x32.mat. 182040794 bytes.
[32m[0716 16:10:21 @svhn.py:45][0m Loading /root/tensorpack_data/svhn_data/train_32x32.mat ...
[32m[0716 16:10:23 @svhn.py:42][0m File /root/tensorpack_data/svhn_data/extra_32x32.mat not found!
[32m[0716 16:10:23 @svhn.py:43][0m Downloading from http://ufldl.stanford.edu/housenumbers/extra_32x32.mat ...
[32m[0716 16:11:38 @fs.py:73][0m Succesfully downloaded extra_32x32.mat. 1329278602 bytes.
[32m[0716 16:11:38 @svhn.py:45][0m Loading /root/tensorpack_data/svhn_data/extra_32x32.mat ...
[32m[0716 16:11:50 @svhn.py:42][0m File /root/tensorpack_data/svhn_data/test_32x32.mat not found!
[32m[0716 16:11:50 @svhn.py:43][0m Downloading from http://ufldl.stanford.edu/housenumbers/test_32x32.mat ...
[32m[0716 16:11:53 @fs.py:73][0m Succesfully downloaded test_32x32.mat. 64275384 bytes.
[32m[0716 16:11:53 @svhn.py:45][0m Loading /root/tensorpack_data/svhn_data/test_32x32.mat ...
[32m[0716 16:11:54 @parallel.py:340][0m [MultiProcessRunnerZMQ] Will fork a dataflow more than one times. This assumes the datapoints are i.i.d.
[32m[0716 16:11:54 @input_source.py:221][0m Setting up the queue 'QueueInput/input_queue' for CPU prefetching ...
[32m[0716 16:11:54 @trainers.py:48][0m Building graph for a single training tower ...
[32m[0716 16:11:54 @<ipython-input-3-4fb0ff93d44f>:113][0m Binarizing weight conv0/W
[32m[0716 16:11:54 @registry.py:90][0m 'conv0': [?, 40, 40, 3] --> [?, 36, 36, 48]
[32m[0716 16:11:54 @registry.py:90][0m 'pool0': [?, 36, 36, 48] --> [?, 18, 18, 48]
[32m[0716 16:11:54 @<ipython-input-3-4fb0ff93d44f>:113][0m Binarizing weight conv1/W
[32m[0716 16:11:54 @registry.py:90][0m 'conv1': [?, 18, 18, 48] --> [?, 18, 18, 64]
[32m[0716 16:11:54 @<ipython-input-3-4fb0ff93d44f>:113][0m Binarizing weight conv2/W
[32m[0716 16:11:54 @registry.py:90][0m 'conv2': [?, 18, 18, 64] --> [?, 18, 18, 64]
[32m[0716 16:11:54 @registry.py:90][0m 'pool1': [?, 18, 18, 64] --> [?, 9, 9, 64]
[32m[0716 16:11:54 @<ipython-input-3-4fb0ff93d44f>:113][0m Binarizing weight conv3/W
[32m[0716 16:11:54 @registry.py:90][0m 'conv3': [?, 9, 9, 64] --> [?, 7, 7, 128]
[32m[0716 16:11:54 @<ipython-input-3-4fb0ff93d44f>:113][0m Binarizing weight conv4/W
[32m[0716 16:11:54 @registry.py:90][0m 'conv4': [?, 7, 7, 128] --> [?, 7, 7, 128]
[32m[0716 16:11:54 @<ipython-input-3-4fb0ff93d44f>:113][0m Binarizing weight conv5/W
[32m[0716 16:11:54 @registry.py:90][0m 'conv5': [?, 7, 7, 128] --> [?, 5, 5, 128]
[32m[0716 16:11:54 @<ipython-input-3-4fb0ff93d44f>:113][0m Binarizing weight conv6/W
[32m[0716 16:11:54 @registry.py:90][0m 'conv6': [?, 5, 5, 128] --> [?, 1, 1, 512]
[32m[0716 16:11:54 @<ipython-input-3-4fb0ff93d44f>:113][0m Binarizing weight fc1/W
[32m[0716 16:11:54 @registry.py:90][0m 'fc1': [?, 1, 1, 512] --> [?, 10]
[32m[0716 16:11:54 @regularize.py:97][0m regularize_cost() found 1 variables to regularize.
[32m[0716 16:11:54 @regularize.py:21][0m The following tensors will be regularized: fc1/W:0
[32m[0716 16:11:55 @model_utils.py:67][0m [36mList of Trainable Variables: 
[0mname       shape               #elements
---------  ----------------  -----------
conv0/W    [5, 5, 3, 48]            3600
conv0/b    [48]                       48
conv1/W    [3, 3, 48, 64]          27648
bn1/gamma  [64]                       64
bn1/beta   [64]                       64
conv2/W    [3, 3, 64, 64]          36864
bn2/gamma  [64]                       64
bn2/beta   [64]                       64
conv3/W    [3, 3, 64, 128]         73728
bn3/gamma  [128]                     128
bn3/beta   [128]                     128
conv4/W    [3, 3, 128, 128]       147456
bn4/gamma  [128]                     128
bn4/beta   [128]                     128
conv5/W    [3, 3, 128, 128]       147456
bn5/gamma  [128]                     128
bn5/beta   [128]                     128
conv6/W    [5, 5, 128, 512]      1638400
bn6/gamma  [512]                     512
bn6/beta   [512]                     512
fc1/W      [512, 10]                5120
fc1/b      [10]                       10[36m
Number of trainable variables: 22
Number of parameters (elements): 2082378
Storage space needed for all trainable variables: 7.94MB[0m
[32m[0716 16:11:55 @base.py:207][0m Setup callbacks graph ...
[32m[0716 16:11:56 @argtools.py:138][0m [5m[31mWRN[0m Starting a process with 'fork' method is efficient but not safe and may cause deadlock or crash.Use 'forkserver' or 'spawn' method instead if you run into such issues.See https://docs.python.org/3/library/multiprocessing.html#contexts-and-start-methods on how to set them.
[32m[0716 16:11:56 @argtools.py:138][0m [5m[31mWRN[0m "import prctl" failed! Install python-prctl so that processes can be cleaned with guarantee.
[32m[0716 16:11:56 @inference_runner.py:148][0m [InferenceRunner] Building tower 'InferenceTower' on device /gpu:0 ...
[32m[0716 16:11:56 @<ipython-input-3-4fb0ff93d44f>:113][0m Binarizing weight conv0/W
[32m[0716 16:11:56 @<ipython-input-3-4fb0ff93d44f>:113][0m Binarizing weight conv1/W
[32m[0716 16:11:56 @<ipython-input-3-4fb0ff93d44f>:113][0m Binarizing weight conv2/W
[32m[0716 16:11:57 @<ipython-input-3-4fb0ff93d44f>:113][0m Binarizing weight conv3/W
[32m[0716 16:11:57 @<ipython-input-3-4fb0ff93d44f>:113][0m Binarizing weight conv4/W
[32m[0716 16:11:57 @<ipython-input-3-4fb0ff93d44f>:113][0m Binarizing weight conv5/W
[32m[0716 16:11:57 @<ipython-input-3-4fb0ff93d44f>:113][0m Binarizing weight conv6/W
[32m[0716 16:11:57 @<ipython-input-3-4fb0ff93d44f>:113][0m Binarizing weight fc1/W
[32m[0716 16:11:57 @summary.py:47][0m [MovingAverageSummary] 5 operations in collection 'MOVING_SUMMARY_OPS' will be run with session hooks.
[32m[0716 16:11:57 @summary.py:94][0m Summarizing collection 'summaries' of size 22.
[32m[0716 16:11:57 @graph.py:99][0m Applying collection UPDATE_OPS of 12 ops.
[32m[0716 16:11:57 @base.py:228][0m Creating the session ...
[32m[0716 16:12:05 @base.py:234][0m Initializing the session ...
[32m[0716 16:12:05 @base.py:241][0m Graph Finalized.
[32m[0716 16:12:05 @concurrency.py:37][0m Starting EnqueueThread: enqueue dataflow to TF queue "QueueInput/input_queue" ...
[32m[0716 16:12:06 @inference_runner.py:95][0m [InferenceRunner] Will eval 204 iterations
[32m[0716 16:12:06 @base.py:273][0m Start Epoch 1 ...
[32m[0716 16:16:40 @base.py:283][0m Epoch 1 (global_step 4721) finished, time:4 minutes 34 seconds.
[32m[0716 16:16:41 @saver.py:82][0m Model saved to train_log/svhn-dorefa-4,6,16/model-4721.
[32m[0716 16:16:52 @monitor.py:476][0m QueueInput/queue_size: 21.031
[32m[0716 16:16:52 @monitor.py:476][0m accuracy: 0.95633
[32m[0716 16:16:52 @monitor.py:476][0m cost: 0.15024
[32m[0716 16:16:52 @monitor.py:476][0m cross_entropy_loss: 0.15023
[32m[0716 16:16:52 @monitor.py:476][0m param-summary/conv0/W-rms: 0.16644
[32m[0716 16:16:52 @monitor.py:476][0m param-summary/conv1/W-rms: 0.073002
[32m[0716 16:16:52 @monitor.py:476][0m param-summary/conv2/W-rms: 0.065802
[32m[0716 16:16:52 @monitor.py:476][0m param-summary/conv3/W-rms: 0.067586
[32m[0716 16:16:52 @monitor.py:476][0m param-summary/conv4/W-rms: 0.052364
[32m[0716 16:16:52 @monitor.py:476][0m param-summary/conv5/W-rms: 0.054567
[32m[0716 16:16:52 @monitor.py:476][0m param-summary/conv6/W-rms: 0.041083
[32m[0716 16:16:52 @monitor.py:476][0m param-summary/fc1/W-rms: 0.05914
[32m[0716 16:16:52 @monitor.py:476][0m regularize_cost: 8.9298e-07
[32m[0716 16:16:52 @monitor.py:476][0m train_error: 0.043669
[32m[0716 16:16:52 @monitor.py:476][0m val_accuracy: 0.90672
[32m[0716 16:16:52 @monitor.py:476][0m val_cross_entropy_loss: 0.31258
[32m[0716 16:16:52 @group.py:44][0m Callbacks took 11.395 sec in total. InferenceRunner: 10.9 seconds
[32m[0716 16:16:52 @base.py:273][0m Start Epoch 2 ...
[32m[0716 16:20:58 @base.py:283][0m Epoch 2 (global_step 9442) finished, time:4 minutes 6 seconds.
[32m[0716 16:20:58 @saver.py:82][0m Model saved to train_log/svhn-dorefa-4,6,16/model-9442.
[32m[0716 16:21:08 @monitor.py:476][0m QueueInput/queue_size: 0.00050402
[32m[0716 16:21:08 @monitor.py:476][0m accuracy: 0.96868
[32m[0716 16:21:08 @monitor.py:476][0m cost: 0.10502
[32m[0716 16:21:08 @monitor.py:476][0m cross_entropy_loss: 0.10502
[32m[0716 16:21:08 @monitor.py:476][0m param-summary/conv0/W-rms: 0.17373
[32m[0716 16:21:08 @monitor.py:476][0m param-summary/conv1/W-rms: 0.082745
[32m[0716 16:21:08 @monitor.py:476][0m param-summary/conv2/W-rms: 0.082559
[32m[0716 16:21:08 @monitor.py:476][0m param-summary/conv3/W-rms: 0.085871
[32m[0716 16:21:08 @monitor.py:476][0m param-summary/conv4/W-rms: 0.073173
[32m[0716 16:21:08 @monitor.py:476][0m param-summary/conv5/W-rms: 0.076556
[32m[0716 16:21:08 @monitor.py:476][0m param-summary/conv6/W-rms: 0.063074
[32m[0716 16:21:08 @monitor.py:476][0m param-summary/fc1/W-rms: 0.080279
[32m[0716 16:21:08 @monitor.py:476][0m regularize_cost: 1.6478e-06
[32m[0716 16:21:08 @monitor.py:476][0m train_error: 0.031322
[32m[0716 16:21:08 @monitor.py:476][0m val_accuracy: 0.94358
[32m[0716 16:21:08 @monitor.py:476][0m val_cross_entropy_loss: 0.20089
[32m[0716 16:21:08 @group.py:44][0m Callbacks took 9.910 sec in total. InferenceRunner: 9.65 seconds
[32m[0716 16:21:08 @base.py:273][0m Start Epoch 3 ...
[32m[0716 16:25:16 @base.py:283][0m Epoch 3 (global_step 14163) finished, time:4 minutes 8 seconds.
[32m[0716 16:25:16 @saver.py:82][0m Model saved to train_log/svhn-dorefa-4,6,16/model-14163.
[32m[0716 16:25:26 @monitor.py:476][0m QueueInput/queue_size: 0.5
[32m[0716 16:25:26 @monitor.py:476][0m accuracy: 0.9767
[32m[0716 16:25:26 @monitor.py:476][0m cost: 0.076972
[32m[0716 16:25:26 @monitor.py:476][0m cross_entropy_loss: 0.076969
[32m[0716 16:25:26 @monitor.py:476][0m param-summary/conv0/W-rms: 0.18453
[32m[0716 16:25:26 @monitor.py:476][0m param-summary/conv1/W-rms: 0.09284
[32m[0716 16:25:26 @monitor.py:476][0m param-summary/conv2/W-rms: 0.10265
[32m[0716 16:25:26 @monitor.py:476][0m param-summary/conv3/W-rms: 0.10616
[32m[0716 16:25:26 @monitor.py:476][0m param-summary/conv4/W-rms: 0.095401
[32m[0716 16:25:26 @monitor.py:476][0m param-summary/conv5/W-rms: 0.09838
[32m[0716 16:25:26 @monitor.py:476][0m param-summary/conv6/W-rms: 0.083638
[32m[0716 16:25:26 @monitor.py:476][0m param-summary/fc1/W-rms: 0.10146
[32m[0716 16:25:26 @monitor.py:476][0m regularize_cost: 2.6231e-06
[32m[0716 16:25:26 @monitor.py:476][0m train_error: 0.023298
[32m[0716 16:25:26 @monitor.py:476][0m val_accuracy: 0.95411
[32m[0716 16:25:26 @monitor.py:476][0m val_cross_entropy_loss: 0.17062
[32m[0716 16:25:26 @group.py:44][0m Callbacks took 9.982 sec in total. InferenceRunner: 9.7 seconds
[32m[0716 16:25:26 @base.py:273][0m Start Epoch 4 ...
[32m[0716 16:29:33 @base.py:283][0m Epoch 4 (global_step 18884) finished, time:4 minutes 7 seconds.
[32m[0716 16:29:33 @saver.py:82][0m Model saved to train_log/svhn-dorefa-4,6,16/model-18884.
[32m[0716 16:29:43 @monitor.py:476][0m QueueInput/queue_size: 0.18762
[32m[0716 16:29:43 @monitor.py:476][0m accuracy: 0.97773
[32m[0716 16:29:43 @monitor.py:476][0m cost: 0.087059
[32m[0716 16:29:43 @monitor.py:476][0m cross_entropy_loss: 0.087056
[32m[0716 16:29:43 @monitor.py:476][0m param-summary/conv0/W-rms: 0.19454
[32m[0716 16:29:43 @monitor.py:476][0m param-summary/conv1/W-rms: 0.10181
[32m[0716 16:29:43 @monitor.py:476][0m param-summary/conv2/W-rms: 0.12153
[32m[0716 16:29:43 @monitor.py:476][0m param-summary/conv3/W-rms: 0.1245
[32m[0716 16:29:43 @monitor.py:476][0m param-summary/conv4/W-rms: 0.11494
[32m[0716 16:29:43 @monitor.py:476][0m param-summary/conv5/W-rms: 0.11756
[32m[0716 16:29:43 @monitor.py:476][0m param-summary/conv6/W-rms: 0.10054
[32m[0716 16:29:43 @monitor.py:476][0m param-summary/fc1/W-rms: 0.12097
[32m[0716 16:29:43 @monitor.py:476][0m regularize_cost: 3.7436e-06
[32m[0716 16:29:43 @monitor.py:476][0m train_error: 0.022273
[32m[0716 16:29:43 @monitor.py:476][0m val_accuracy: 0.94504
[32m[0716 16:29:43 @monitor.py:476][0m val_cross_entropy_loss: 0.19731
[32m[0716 16:29:43 @group.py:44][0m Callbacks took 10.241 sec in total. InferenceRunner: 9.98 seconds
[32m[0716 16:29:43 @base.py:273][0m Start Epoch 5 ...
[32m[0716 16:33:54 @base.py:283][0m Epoch 5 (global_step 23605) finished, time:4 minutes 10 seconds.
[32m[0716 16:33:54 @saver.py:82][0m Model saved to train_log/svhn-dorefa-4,6,16/model-23605.
[32m[0716 16:34:03 @monitor.py:476][0m QueueInput/queue_size: 0.00097656
[32m[0716 16:34:03 @monitor.py:476][0m accuracy: 0.98043
[32m[0716 16:34:03 @monitor.py:476][0m cost: 0.069614
[32m[0716 16:34:03 @monitor.py:476][0m cross_entropy_loss: 0.069609
[32m[0716 16:34:03 @monitor.py:476][0m param-summary/conv0/W-rms: 0.20622
[32m[0716 16:34:03 @monitor.py:476][0m param-summary/conv1/W-rms: 0.10939
[32m[0716 16:34:03 @monitor.py:476][0m param-summary/conv2/W-rms: 0.13828
[32m[0716 16:34:03 @monitor.py:476][0m param-summary/conv3/W-rms: 0.14079
[32m[0716 16:34:03 @monitor.py:476][0m param-summary/conv4/W-rms: 0.132
[32m[0716 16:34:03 @monitor.py:476][0m param-summary/conv5/W-rms: 0.13452
[32m[0716 16:34:03 @monitor.py:476][0m param-summary/conv6/W-rms: 0.11506
[32m[0716 16:34:03 @monitor.py:476][0m param-summary/fc1/W-rms: 0.14133
[32m[0716 16:34:03 @monitor.py:476][0m regularize_cost: 5.1064e-06
[32m[0716 16:34:03 @monitor.py:476][0m train_error: 0.019575
[32m[0716 16:34:03 @monitor.py:476][0m val_accuracy: 0.96304
[32m[0716 16:34:03 @monitor.py:476][0m val_cross_entropy_loss: 0.14501
[32m[0716 16:34:04 @group.py:44][0m Callbacks took 9.615 sec in total. InferenceRunner: 9.37 seconds
[32m[0716 16:34:04 @base.py:273][0m Start Epoch 6 ...
[32m[0716 16:38:13 @base.py:283][0m Epoch 6 (global_step 28326) finished, time:4 minutes 9 seconds.
[32m[0716 16:38:13 @saver.py:82][0m Model saved to train_log/svhn-dorefa-4,6,16/model-28326.
[32m[0716 16:38:23 @monitor.py:476][0m QueueInput/queue_size: 0.5
[32m[0716 16:38:23 @monitor.py:476][0m accuracy: 0.98492
[32m[0716 16:38:23 @monitor.py:476][0m cost: 0.056267
[32m[0716 16:38:23 @monitor.py:476][0m cross_entropy_loss: 0.05626
[32m[0716 16:38:23 @monitor.py:476][0m param-summary/conv0/W-rms: 0.21586
[32m[0716 16:38:23 @monitor.py:476][0m param-summary/conv1/W-rms: 0.11693
[32m[0716 16:38:23 @monitor.py:476][0m param-summary/conv2/W-rms: 0.15385
[32m[0716 16:38:23 @monitor.py:476][0m param-summary/conv3/W-rms: 0.1558
[32m[0716 16:38:23 @monitor.py:476][0m param-summary/conv4/W-rms: 0.14749
[32m[0716 16:38:23 @monitor.py:476][0m param-summary/conv5/W-rms: 0.14987
[32m[0716 16:38:23 @monitor.py:476][0m param-summary/conv6/W-rms: 0.12787
[32m[0716 16:38:23 @monitor.py:476][0m param-summary/fc1/W-rms: 0.16037
[32m[0716 16:38:23 @monitor.py:476][0m regularize_cost: 6.5801e-06
[32m[0716 16:38:23 @monitor.py:476][0m train_error: 0.015082
[32m[0716 16:38:23 @monitor.py:476][0m val_accuracy: 0.96447
[32m[0716 16:38:23 @monitor.py:476][0m val_cross_entropy_loss: 0.14128
[32m[0716 16:38:23 @group.py:44][0m Callbacks took 10.264 sec in total. InferenceRunner: 10 seconds
[32m[0716 16:38:23 @base.py:273][0m Start Epoch 7 ...
[32m[0716 16:42:27 @base.py:283][0m Epoch 7 (global_step 33047) finished, time:4 minutes 4 seconds.
[32m[0716 16:42:28 @saver.py:82][0m Model saved to train_log/svhn-dorefa-4,6,16/model-33047.
[32m[0716 16:42:37 @monitor.py:476][0m QueueInput/queue_size: 1.2666e-24
[32m[0716 16:42:37 @monitor.py:476][0m accuracy: 0.98494
[32m[0716 16:42:37 @monitor.py:476][0m cost: 0.05083
[32m[0716 16:42:37 @monitor.py:476][0m cross_entropy_loss: 0.050822
[32m[0716 16:42:37 @monitor.py:476][0m param-summary/conv0/W-rms: 0.22297
[32m[0716 16:42:37 @monitor.py:476][0m param-summary/conv1/W-rms: 0.12363
[32m[0716 16:42:37 @monitor.py:476][0m param-summary/conv2/W-rms: 0.1678
[32m[0716 16:42:37 @monitor.py:476][0m param-summary/conv3/W-rms: 0.16952
[32m[0716 16:42:37 @monitor.py:476][0m param-summary/conv4/W-rms: 0.16146
[32m[0716 16:42:37 @monitor.py:476][0m param-summary/conv5/W-rms: 0.16361
[32m[0716 16:42:37 @monitor.py:476][0m param-summary/conv6/W-rms: 0.13929
[32m[0716 16:42:37 @monitor.py:476][0m param-summary/fc1/W-rms: 0.1792
[32m[0716 16:42:37 @monitor.py:476][0m regularize_cost: 8.2128e-06
[32m[0716 16:42:37 @monitor.py:476][0m train_error: 0.015065
[32m[0716 16:42:37 @monitor.py:476][0m val_accuracy: 0.96433
[32m[0716 16:42:37 @monitor.py:476][0m val_cross_entropy_loss: 0.14302
[32m[0716 16:42:37 @group.py:44][0m Callbacks took 9.907 sec in total. InferenceRunner: 9.68 seconds
[32m[0716 16:42:37 @base.py:273][0m Start Epoch 8 ...
[32m[0716 16:46:43 @base.py:283][0m Epoch 8 (global_step 37768) finished, time:4 minutes 5 seconds.
[32m[0716 16:46:43 @saver.py:82][0m Model saved to train_log/svhn-dorefa-4,6,16/model-37768.
[32m[0716 16:46:53 @monitor.py:476][0m QueueInput/queue_size: 6.3538e-22
[32m[0716 16:46:53 @monitor.py:476][0m accuracy: 0.98814
[32m[0716 16:46:53 @monitor.py:476][0m cost: 0.047342
[32m[0716 16:46:53 @monitor.py:476][0m cross_entropy_loss: 0.047332
[32m[0716 16:46:53 @monitor.py:476][0m param-summary/conv0/W-rms: 0.22909
[32m[0716 16:46:53 @monitor.py:476][0m param-summary/conv1/W-rms: 0.12988
[32m[0716 16:46:53 @monitor.py:476][0m param-summary/conv2/W-rms: 0.181
[32m[0716 16:46:53 @monitor.py:476][0m param-summary/conv3/W-rms: 0.18235
[32m[0716 16:46:53 @monitor.py:476][0m param-summary/conv4/W-rms: 0.1745
[32m[0716 16:46:53 @monitor.py:476][0m param-summary/conv5/W-rms: 0.17648
[32m[0716 16:46:53 @monitor.py:476][0m param-summary/conv6/W-rms: 0.14982
[32m[0716 16:46:53 @monitor.py:476][0m param-summary/fc1/W-rms: 0.19632
[32m[0716 16:46:53 @monitor.py:476][0m regularize_cost: 9.8608e-06
[32m[0716 16:46:53 @monitor.py:476][0m train_error: 0.01186
[32m[0716 16:46:53 @monitor.py:476][0m val_accuracy: 0.96593
[32m[0716 16:46:53 @monitor.py:476][0m val_cross_entropy_loss: 0.13496
[32m[0716 16:46:53 @group.py:44][0m Callbacks took 10.485 sec in total. InferenceRunner: 10.2 seconds
[32m[0716 16:46:53 @base.py:273][0m Start Epoch 9 ...
[32m[0716 16:50:59 @base.py:283][0m Epoch 9 (global_step 42489) finished, time:4 minutes 5 seconds.
[32m[0716 16:50:59 @saver.py:82][0m Model saved to train_log/svhn-dorefa-4,6,16/model-42489.
[32m[0716 16:51:08 @monitor.py:476][0m QueueInput/queue_size: 0.16029
[32m[0716 16:51:08 @monitor.py:476][0m accuracy: 0.98708
[32m[0716 16:51:08 @monitor.py:476][0m cost: 0.044589
[32m[0716 16:51:08 @monitor.py:476][0m cross_entropy_loss: 0.044578
[32m[0716 16:51:08 @monitor.py:476][0m param-summary/conv0/W-rms: 0.23402
[32m[0716 16:51:08 @monitor.py:476][0m param-summary/conv1/W-rms: 0.13625
[32m[0716 16:51:08 @monitor.py:476][0m param-summary/conv2/W-rms: 0.19315
[32m[0716 16:51:08 @monitor.py:476][0m param-summary/conv3/W-rms: 0.19424
[32m[0716 16:51:08 @monitor.py:476][0m param-summary/conv4/W-rms: 0.18656
[32m[0716 16:51:08 @monitor.py:476][0m param-summary/conv5/W-rms: 0.18842
[32m[0716 16:51:08 @monitor.py:476][0m param-summary/conv6/W-rms: 0.1595
[32m[0716 16:51:08 @monitor.py:476][0m param-summary/fc1/W-rms: 0.21314
[32m[0716 16:51:08 @monitor.py:476][0m regularize_cost: 1.162e-05
[32m[0716 16:51:08 @monitor.py:476][0m train_error: 0.01292
[32m[0716 16:51:08 @monitor.py:476][0m val_accuracy: 0.96456
[32m[0716 16:51:08 @monitor.py:476][0m val_cross_entropy_loss: 0.14133
[32m[0716 16:51:08 @group.py:44][0m Callbacks took 9.791 sec in total. InferenceRunner: 9.55 seconds
[32m[0716 16:51:08 @base.py:273][0m Start Epoch 10 ...
[32m[0716 16:55:15 @base.py:283][0m Epoch 10 (global_step 47210) finished, time:4 minutes 6 seconds.
[32m[0716 16:55:15 @saver.py:82][0m Model saved to train_log/svhn-dorefa-4,6,16/model-47210.
[32m[0716 16:55:24 @monitor.py:476][0m QueueInput/queue_size: 1.1755e-38
[32m[0716 16:55:24 @monitor.py:476][0m accuracy: 0.98489
[32m[0716 16:55:24 @monitor.py:476][0m cost: 0.051025
[32m[0716 16:55:24 @monitor.py:476][0m cross_entropy_loss: 0.051011
[32m[0716 16:55:24 @monitor.py:476][0m param-summary/conv0/W-rms: 0.23647
[32m[0716 16:55:24 @monitor.py:476][0m param-summary/conv1/W-rms: 0.14245
[32m[0716 16:55:24 @monitor.py:476][0m param-summary/conv2/W-rms: 0.20483
[32m[0716 16:55:24 @monitor.py:476][0m param-summary/conv3/W-rms: 0.20569
[32m[0716 16:55:24 @monitor.py:476][0m param-summary/conv4/W-rms: 0.19811
[32m[0716 16:55:24 @monitor.py:476][0m param-summary/conv5/W-rms: 0.19983
[32m[0716 16:55:24 @monitor.py:476][0m param-summary/conv6/W-rms: 0.16875
[32m[0716 16:55:24 @monitor.py:476][0m param-summary/fc1/W-rms: 0.23028
[32m[0716 16:55:24 @monitor.py:476][0m regularize_cost: 1.3568e-05
[32m[0716 16:55:24 @monitor.py:476][0m train_error: 0.015112
[32m[0716 16:55:24 @monitor.py:476][0m val_accuracy: 0.96899
[32m[0716 16:55:24 @monitor.py:476][0m val_cross_entropy_loss: 0.13
[32m[0716 16:55:24 @group.py:44][0m Callbacks took 9.697 sec in total. InferenceRunner: 9.46 seconds
[32m[0716 16:55:24 @base.py:287][0m Training has finished!
[32m[0716 16:55:24 @input_source.py:177][0m [EnqueueThread] Thread EnqueueThread: enqueue dataflow to TF queue "QueueInput/input_queue" Exited.
