[32m[0721 20:57:24 @logger.py:92][0m Argv: /usr/local/lib/python3.7/dist-packages/ipykernel_launcher.py -f /root/.local/share/jupyter/runtime/kernel-27887b35-7ef0-4025-b4a2-c91b03757aae.json
[32m[0721 20:57:24 @mnist.py:21][0m Downloading to /root/tensorpack_data/mnist_data/train-images-idx3-ubyte.gz...
[32m[0721 21:02:11 @fs.py:73][0m Succesfully downloaded train-images-idx3-ubyte.gz. 9912422 bytes.
[32m[0721 21:02:11 @mnist.py:21][0m Downloading to /root/tensorpack_data/mnist_data/train-labels-idx1-ubyte.gz...
[32m[0721 21:02:11 @fs.py:73][0m Succesfully downloaded train-labels-idx1-ubyte.gz. 28881 bytes.
[32m[0721 21:02:11 @mnist.py:21][0m Downloading to /root/tensorpack_data/mnist_data/t10k-images-idx3-ubyte.gz...
[32m[0721 21:03:03 @fs.py:73][0m Succesfully downloaded t10k-images-idx3-ubyte.gz. 1648877 bytes.
[32m[0721 21:03:03 @mnist.py:21][0m Downloading to /root/tensorpack_data/mnist_data/t10k-labels-idx1-ubyte.gz...
[32m[0721 21:03:03 @fs.py:73][0m Succesfully downloaded t10k-labels-idx1-ubyte.gz. 4542 bytes.
[32m[0721 21:03:03 @parallel.py:340][0m [MultiProcessRunnerZMQ] Will fork a dataflow more than one times. This assumes the datapoints are i.i.d.
[32m[0721 21:03:03 @input_source.py:221][0m Setting up the queue 'QueueInput/input_queue' for CPU prefetching ...
[32m[0721 21:03:03 @trainers.py:48][0m Building graph for a single training tower ...
[32m[0721 21:03:03 @<ipython-input-5-162ad557e249>:114][0m Binarizing weight conv0/W
[32m[0721 21:03:03 @registry.py:90][0m 'conv0': [?, 40, 40, 1] --> [?, 36, 36, 48]
[32m[0721 21:03:03 @registry.py:90][0m 'pool0': [?, 36, 36, 48] --> [?, 18, 18, 48]
[32m[0721 21:03:03 @<ipython-input-5-162ad557e249>:114][0m Binarizing weight conv1/W
[32m[0721 21:03:03 @registry.py:90][0m 'conv1': [?, 18, 18, 48] --> [?, 18, 18, 64]
[32m[0721 21:03:03 @<ipython-input-5-162ad557e249>:114][0m Binarizing weight conv2/W
[32m[0721 21:03:03 @registry.py:90][0m 'conv2': [?, 18, 18, 64] --> [?, 18, 18, 64]
[32m[0721 21:03:03 @registry.py:90][0m 'pool1': [?, 18, 18, 64] --> [?, 9, 9, 64]
[32m[0721 21:03:03 @<ipython-input-5-162ad557e249>:114][0m Binarizing weight conv3/W
[32m[0721 21:03:03 @registry.py:90][0m 'conv3': [?, 9, 9, 64] --> [?, 7, 7, 128]
[32m[0721 21:03:03 @<ipython-input-5-162ad557e249>:114][0m Binarizing weight conv4/W
[32m[0721 21:03:03 @registry.py:90][0m 'conv4': [?, 7, 7, 128] --> [?, 7, 7, 128]
[32m[0721 21:03:03 @<ipython-input-5-162ad557e249>:114][0m Binarizing weight conv5/W
[32m[0721 21:03:03 @registry.py:90][0m 'conv5': [?, 7, 7, 128] --> [?, 5, 5, 128]
[32m[0721 21:03:03 @<ipython-input-5-162ad557e249>:114][0m Binarizing weight conv6/W
[32m[0721 21:03:03 @registry.py:90][0m 'conv6': [?, 5, 5, 128] --> [?, 1, 1, 512]
[32m[0721 21:03:04 @<ipython-input-5-162ad557e249>:114][0m Binarizing weight fc1/W
[32m[0721 21:03:04 @registry.py:90][0m 'fc1': [?, 1, 1, 512] --> [?, 10]
[32m[0721 21:03:04 @regularize.py:97][0m regularize_cost() found 1 variables to regularize.
[32m[0721 21:03:04 @regularize.py:21][0m The following tensors will be regularized: fc1/W:0
[32m[0721 21:03:04 @model_utils.py:67][0m [36mList of Trainable Variables: 
[0mname       shape               #elements
---------  ----------------  -----------
conv0/W    [5, 5, 1, 48]            1200
conv0/b    [48]                       48
conv1/W    [3, 3, 48, 64]          27648
bn1/gamma  [64]                       64
bn1/beta   [64]                       64
conv2/W    [3, 3, 64, 64]          36864
bn2/gamma  [64]                       64
bn2/beta   [64]                       64
conv3/W    [3, 3, 64, 128]         73728
bn3/gamma  [128]                     128
bn3/beta   [128]                     128
conv4/W    [3, 3, 128, 128]       147456
bn4/gamma  [128]                     128
bn4/beta   [128]                     128
conv5/W    [3, 3, 128, 128]       147456
bn5/gamma  [128]                     128
bn5/beta   [128]                     128
conv6/W    [5, 5, 128, 512]      1638400
bn6/gamma  [512]                     512
bn6/beta   [512]                     512
fc1/W      [512, 10]                5120
fc1/b      [10]                       10[36m
Number of trainable variables: 22
Number of parameters (elements): 2079978
Storage space needed for all trainable variables: 7.93MB[0m
[32m[0721 21:03:04 @base.py:207][0m Setup callbacks graph ...
[32m[0721 21:03:04 @argtools.py:138][0m [5m[31mWRN[0m Starting a process with 'fork' method is efficient but not safe and may cause deadlock or crash.Use 'forkserver' or 'spawn' method instead if you run into such issues.See https://docs.python.org/3/library/multiprocessing.html#contexts-and-start-methods on how to set them.
[32m[0721 21:03:05 @argtools.py:138][0m [5m[31mWRN[0m "import prctl" failed! Install python-prctl so that processes can be cleaned with guarantee.
[32m[0721 21:03:05 @inference_runner.py:148][0m [InferenceRunner] Building tower 'InferenceTower' on device /gpu:0 ...
[32m[0721 21:03:05 @<ipython-input-5-162ad557e249>:114][0m Binarizing weight conv0/W
[32m[0721 21:03:05 @<ipython-input-5-162ad557e249>:114][0m Binarizing weight conv1/W
[32m[0721 21:03:05 @<ipython-input-5-162ad557e249>:114][0m Binarizing weight conv2/W
[32m[0721 21:03:06 @<ipython-input-5-162ad557e249>:114][0m Binarizing weight conv3/W
[32m[0721 21:03:06 @<ipython-input-5-162ad557e249>:114][0m Binarizing weight conv4/W
[32m[0721 21:03:06 @<ipython-input-5-162ad557e249>:114][0m Binarizing weight conv5/W
[32m[0721 21:03:06 @<ipython-input-5-162ad557e249>:114][0m Binarizing weight conv6/W
[32m[0721 21:03:06 @<ipython-input-5-162ad557e249>:114][0m Binarizing weight fc1/W
[32m[0721 21:03:07 @summary.py:47][0m [MovingAverageSummary] 5 operations in collection 'MOVING_SUMMARY_OPS' will be run with session hooks.
[32m[0721 21:03:07 @summary.py:94][0m Summarizing collection 'summaries' of size 22.
[32m[0721 21:03:07 @graph.py:99][0m Applying collection UPDATE_OPS of 12 ops.
[32m[0721 21:03:07 @base.py:228][0m Creating the session ...
[32m[0721 21:03:13 @base.py:234][0m Initializing the session ...
[32m[0721 21:03:13 @base.py:241][0m Graph Finalized.
[32m[0721 21:03:13 @concurrency.py:37][0m Starting EnqueueThread: enqueue dataflow to TF queue "QueueInput/input_queue" ...
[32m[0721 21:03:13 @inference_runner.py:95][0m [InferenceRunner] Will eval 79 iterations
[32m[0721 21:03:13 @base.py:273][0m Start Epoch 1 ...
[32m[0721 21:04:00 @base.py:283][0m Epoch 1 (global_step 468) finished, time:47.1 seconds.
[32m[0721 21:04:00 @saver.py:82][0m Model saved to train_log/mnist-dorefa-4,4,6/model-468.
[32m[0721 21:04:01 @monitor.py:476][0m QueueInput/queue_size: 50
[32m[0721 21:04:01 @monitor.py:476][0m accuracy: 0.096589
[32m[0721 21:04:01 @monitor.py:476][0m cost: 2.5575
[32m[0721 21:04:01 @monitor.py:476][0m cross_entropy_loss: 2.5575
[32m[0721 21:04:01 @monitor.py:476][0m param-summary/conv0/W-rms: 0.29698
[32m[0721 21:04:01 @monitor.py:476][0m param-summary/conv1/W-rms: 0.067559
[32m[0721 21:04:01 @monitor.py:476][0m param-summary/conv2/W-rms: 0.058791
[32m[0721 21:04:01 @monitor.py:476][0m param-summary/conv3/W-rms: 0.058735
[32m[0721 21:04:01 @monitor.py:476][0m param-summary/conv4/W-rms: 0.041732
[32m[0721 21:04:01 @monitor.py:476][0m param-summary/conv5/W-rms: 0.045918
[32m[0721 21:04:01 @monitor.py:476][0m param-summary/conv6/W-rms: 0.03109
[32m[0721 21:04:01 @monitor.py:476][0m param-summary/fc1/W-rms: 0.033251
[32m[0721 21:04:01 @monitor.py:476][0m regularize_cost: 3.0354e-07
[32m[0721 21:04:01 @monitor.py:476][0m train_error: 0.90341
[32m[0721 21:04:01 @monitor.py:476][0m val_accuracy: 0.10196
[32m[0721 21:04:01 @monitor.py:476][0m val_cross_entropy_loss: 2.3442
[32m[0721 21:04:01 @base.py:273][0m Start Epoch 2 ...
[32m[0721 21:04:14 @base.py:283][0m Epoch 2 (global_step 936) finished, time:12.3 seconds.
[32m[0721 21:04:14 @saver.py:82][0m Model saved to train_log/mnist-dorefa-4,4,6/model-936.
[32m[0721 21:04:15 @monitor.py:476][0m QueueInput/queue_size: 50
[32m[0721 21:04:15 @monitor.py:476][0m accuracy: 0.1055
[32m[0721 21:04:15 @monitor.py:476][0m cost: 2.4221
[32m[0721 21:04:15 @monitor.py:476][0m cross_entropy_loss: 2.4221
[32m[0721 21:04:15 @monitor.py:476][0m param-summary/conv0/W-rms: 0.29698
[32m[0721 21:04:15 @monitor.py:476][0m param-summary/conv1/W-rms: 0.067559
[32m[0721 21:04:15 @monitor.py:476][0m param-summary/conv2/W-rms: 0.058791
[32m[0721 21:04:15 @monitor.py:476][0m param-summary/conv3/W-rms: 0.058735
[32m[0721 21:04:15 @monitor.py:476][0m param-summary/conv4/W-rms: 0.041736
[32m[0721 21:04:15 @monitor.py:476][0m param-summary/conv5/W-rms: 0.046298
[32m[0721 21:04:15 @monitor.py:476][0m param-summary/conv6/W-rms: 0.032537
[32m[0721 21:04:15 @monitor.py:476][0m param-summary/fc1/W-rms: 0.025944
[32m[0721 21:04:15 @monitor.py:476][0m regularize_cost: 1.7324e-07
[32m[0721 21:04:15 @monitor.py:476][0m train_error: 0.8945
[32m[0721 21:04:15 @monitor.py:476][0m val_accuracy: 0.11363
[32m[0721 21:04:15 @monitor.py:476][0m val_cross_entropy_loss: 2.3022
[32m[0721 21:04:15 @base.py:273][0m Start Epoch 3 ...
[32m[0721 21:04:27 @base.py:283][0m Epoch 3 (global_step 1404) finished, time:12.4 seconds.
[32m[0721 21:04:27 @saver.py:82][0m Model saved to train_log/mnist-dorefa-4,4,6/model-1404.
[32m[0721 21:04:28 @monitor.py:476][0m QueueInput/queue_size: 50
[32m[0721 21:04:28 @monitor.py:476][0m accuracy: 0.10743
[32m[0721 21:04:28 @monitor.py:476][0m cost: 2.3918
[32m[0721 21:04:28 @monitor.py:476][0m cross_entropy_loss: 2.3918
[32m[0721 21:04:28 @monitor.py:476][0m param-summary/conv0/W-rms: 0.29698
[32m[0721 21:04:28 @monitor.py:476][0m param-summary/conv1/W-rms: 0.067559
[32m[0721 21:04:28 @monitor.py:476][0m param-summary/conv2/W-rms: 0.058791
[32m[0721 21:04:28 @monitor.py:476][0m param-summary/conv3/W-rms: 0.058735
[32m[0721 21:04:28 @monitor.py:476][0m param-summary/conv4/W-rms: 0.041739
[32m[0721 21:04:28 @monitor.py:476][0m param-summary/conv5/W-rms: 0.046668
[32m[0721 21:04:28 @monitor.py:476][0m param-summary/conv6/W-rms: 0.033672
[32m[0721 21:04:28 @monitor.py:476][0m param-summary/fc1/W-rms: 0.025153
[32m[0721 21:04:28 @monitor.py:476][0m regularize_cost: 1.6218e-07
[32m[0721 21:04:28 @monitor.py:476][0m train_error: 0.89257
[32m[0721 21:04:28 @monitor.py:476][0m val_accuracy: 0.10305
[32m[0721 21:04:28 @monitor.py:476][0m val_cross_entropy_loss: 2.3026
[32m[0721 21:04:28 @base.py:273][0m Start Epoch 4 ...
[32m[0721 21:04:41 @base.py:283][0m Epoch 4 (global_step 1872) finished, time:12.7 seconds.
[32m[0721 21:04:41 @saver.py:82][0m Model saved to train_log/mnist-dorefa-4,4,6/model-1872.
[32m[0721 21:04:42 @monitor.py:476][0m QueueInput/queue_size: 50
[32m[0721 21:04:42 @monitor.py:476][0m accuracy: 0.10064
[32m[0721 21:04:42 @monitor.py:476][0m cost: 2.3742
[32m[0721 21:04:42 @monitor.py:476][0m cross_entropy_loss: 2.3742
[32m[0721 21:04:42 @monitor.py:476][0m param-summary/conv0/W-rms: 0.29698
[32m[0721 21:04:42 @monitor.py:476][0m param-summary/conv1/W-rms: 0.067559
[32m[0721 21:04:42 @monitor.py:476][0m param-summary/conv2/W-rms: 0.058791
[32m[0721 21:04:42 @monitor.py:476][0m param-summary/conv3/W-rms: 0.058735
[32m[0721 21:04:42 @monitor.py:476][0m param-summary/conv4/W-rms: 0.041744
[32m[0721 21:04:42 @monitor.py:476][0m param-summary/conv5/W-rms: 0.047111
[32m[0721 21:04:42 @monitor.py:476][0m param-summary/conv6/W-rms: 0.035021
[32m[0721 21:04:42 @monitor.py:476][0m param-summary/fc1/W-rms: 0.025303
[32m[0721 21:04:42 @monitor.py:476][0m regularize_cost: 1.6387e-07
[32m[0721 21:04:42 @monitor.py:476][0m train_error: 0.89936
[32m[0721 21:04:42 @monitor.py:476][0m val_accuracy: 0.10166
[32m[0721 21:04:42 @monitor.py:476][0m val_cross_entropy_loss: 2.302
[32m[0721 21:04:42 @base.py:273][0m Start Epoch 5 ...
[32m[0721 21:04:55 @base.py:283][0m Epoch 5 (global_step 2340) finished, time:12.9 seconds.
[32m[0721 21:04:55 @saver.py:82][0m Model saved to train_log/mnist-dorefa-4,4,6/model-2340.
[32m[0721 21:04:56 @monitor.py:476][0m QueueInput/queue_size: 50
[32m[0721 21:04:56 @monitor.py:476][0m accuracy: 0.091196
[32m[0721 21:04:56 @monitor.py:476][0m cost: 2.3664
[32m[0721 21:04:56 @monitor.py:476][0m cross_entropy_loss: 2.3664
[32m[0721 21:04:56 @monitor.py:476][0m param-summary/conv0/W-rms: 0.29698
[32m[0721 21:04:56 @monitor.py:476][0m param-summary/conv1/W-rms: 0.067559
[32m[0721 21:04:56 @monitor.py:476][0m param-summary/conv2/W-rms: 0.058791
[32m[0721 21:04:56 @monitor.py:476][0m param-summary/conv3/W-rms: 0.058735
[32m[0721 21:04:56 @monitor.py:476][0m param-summary/conv4/W-rms: 0.041749
[32m[0721 21:04:56 @monitor.py:476][0m param-summary/conv5/W-rms: 0.047537
[32m[0721 21:04:56 @monitor.py:476][0m param-summary/conv6/W-rms: 0.036304
[32m[0721 21:04:56 @monitor.py:476][0m param-summary/fc1/W-rms: 0.025471
[32m[0721 21:04:56 @monitor.py:476][0m regularize_cost: 1.6603e-07
[32m[0721 21:04:56 @monitor.py:476][0m train_error: 0.9088
[32m[0721 21:04:56 @monitor.py:476][0m val_accuracy: 0.11363
[32m[0721 21:04:56 @monitor.py:476][0m val_cross_entropy_loss: 2.3017
[32m[0721 21:04:56 @base.py:273][0m Start Epoch 6 ...
[32m[0721 21:05:09 @base.py:283][0m Epoch 6 (global_step 2808) finished, time:12.7 seconds.
[32m[0721 21:05:09 @saver.py:82][0m Model saved to train_log/mnist-dorefa-4,4,6/model-2808.
[32m[0721 21:05:10 @monitor.py:476][0m QueueInput/queue_size: 50
[32m[0721 21:05:10 @monitor.py:476][0m accuracy: 0.098098
[32m[0721 21:05:10 @monitor.py:476][0m cost: 2.3385
[32m[0721 21:05:10 @monitor.py:476][0m cross_entropy_loss: 2.3385
[32m[0721 21:05:10 @monitor.py:476][0m param-summary/conv0/W-rms: 0.29698
[32m[0721 21:05:10 @monitor.py:476][0m param-summary/conv1/W-rms: 0.067559
[32m[0721 21:05:10 @monitor.py:476][0m param-summary/conv2/W-rms: 0.058791
[32m[0721 21:05:10 @monitor.py:476][0m param-summary/conv3/W-rms: 0.058735
[32m[0721 21:05:10 @monitor.py:476][0m param-summary/conv4/W-rms: 0.041754
[32m[0721 21:05:10 @monitor.py:476][0m param-summary/conv5/W-rms: 0.048162
[32m[0721 21:05:10 @monitor.py:476][0m param-summary/conv6/W-rms: 0.037918
[32m[0721 21:05:10 @monitor.py:476][0m param-summary/fc1/W-rms: 0.02588
[32m[0721 21:05:10 @monitor.py:476][0m regularize_cost: 1.7097e-07
[32m[0721 21:05:10 @monitor.py:476][0m train_error: 0.9019
[32m[0721 21:05:10 @monitor.py:476][0m val_accuracy: 0.10206
[32m[0721 21:05:10 @monitor.py:476][0m val_cross_entropy_loss: 2.3021
[32m[0721 21:05:10 @base.py:273][0m Start Epoch 7 ...
[32m[0721 21:05:22 @base.py:283][0m Epoch 7 (global_step 3276) finished, time:12.8 seconds.
[32m[0721 21:05:23 @saver.py:82][0m Model saved to train_log/mnist-dorefa-4,4,6/model-3276.
[32m[0721 21:05:23 @monitor.py:476][0m QueueInput/queue_size: 50
[32m[0721 21:05:23 @monitor.py:476][0m accuracy: 0.10775
[32m[0721 21:05:23 @monitor.py:476][0m cost: 2.3326
[32m[0721 21:05:23 @monitor.py:476][0m cross_entropy_loss: 2.3326
[32m[0721 21:05:23 @monitor.py:476][0m param-summary/conv0/W-rms: 0.29698
[32m[0721 21:05:23 @monitor.py:476][0m param-summary/conv1/W-rms: 0.067559
[32m[0721 21:05:23 @monitor.py:476][0m param-summary/conv2/W-rms: 0.058791
[32m[0721 21:05:23 @monitor.py:476][0m param-summary/conv3/W-rms: 0.058735
[32m[0721 21:05:23 @monitor.py:476][0m param-summary/conv4/W-rms: 0.041757
[32m[0721 21:05:23 @monitor.py:476][0m param-summary/conv5/W-rms: 0.048684
[32m[0721 21:05:23 @monitor.py:476][0m param-summary/conv6/W-rms: 0.039299
[32m[0721 21:05:23 @monitor.py:476][0m param-summary/fc1/W-rms: 0.026194
[32m[0721 21:05:23 @monitor.py:476][0m regularize_cost: 1.756e-07
[32m[0721 21:05:23 @monitor.py:476][0m train_error: 0.89225
[32m[0721 21:05:23 @monitor.py:476][0m val_accuracy: 0.10166
[32m[0721 21:05:23 @monitor.py:476][0m val_cross_entropy_loss: 2.3018
[32m[0721 21:05:23 @base.py:273][0m Start Epoch 8 ...
[32m[0721 21:05:36 @base.py:283][0m Epoch 8 (global_step 3744) finished, time:12.6 seconds.
[32m[0721 21:05:36 @saver.py:82][0m Model saved to train_log/mnist-dorefa-4,4,6/model-3744.
[32m[0721 21:05:37 @monitor.py:476][0m QueueInput/queue_size: 50
[32m[0721 21:05:37 @monitor.py:476][0m accuracy: 0.097986
[32m[0721 21:05:37 @monitor.py:476][0m cost: 2.3267
[32m[0721 21:05:37 @monitor.py:476][0m cross_entropy_loss: 2.3267
[32m[0721 21:05:37 @monitor.py:476][0m param-summary/conv0/W-rms: 0.29698
[32m[0721 21:05:37 @monitor.py:476][0m param-summary/conv1/W-rms: 0.067559
[32m[0721 21:05:37 @monitor.py:476][0m param-summary/conv2/W-rms: 0.058791
[32m[0721 21:05:37 @monitor.py:476][0m param-summary/conv3/W-rms: 0.058735
[32m[0721 21:05:37 @monitor.py:476][0m param-summary/conv4/W-rms: 0.041758
[32m[0721 21:05:37 @monitor.py:476][0m param-summary/conv5/W-rms: 0.049173
[32m[0721 21:05:37 @monitor.py:476][0m param-summary/conv6/W-rms: 0.04043
[32m[0721 21:05:37 @monitor.py:476][0m param-summary/fc1/W-rms: 0.02655
[32m[0721 21:05:37 @monitor.py:476][0m regularize_cost: 1.8035e-07
[32m[0721 21:05:37 @monitor.py:476][0m train_error: 0.90201
[32m[0721 21:05:37 @monitor.py:476][0m val_accuracy: 0.11294
[32m[0721 21:05:37 @monitor.py:476][0m val_cross_entropy_loss: 2.3019
[32m[0721 21:05:37 @base.py:273][0m Start Epoch 9 ...
[32m[0721 21:05:50 @base.py:283][0m Epoch 9 (global_step 4212) finished, time:12.9 seconds.
[32m[0721 21:05:50 @saver.py:82][0m Model saved to train_log/mnist-dorefa-4,4,6/model-4212.
[32m[0721 21:05:51 @monitor.py:476][0m QueueInput/queue_size: 50
[32m[0721 21:05:51 @monitor.py:476][0m accuracy: 0.10808
[32m[0721 21:05:51 @monitor.py:476][0m cost: 2.3168
[32m[0721 21:05:51 @monitor.py:476][0m cross_entropy_loss: 2.3168
[32m[0721 21:05:51 @monitor.py:476][0m param-summary/conv0/W-rms: 0.29698
[32m[0721 21:05:51 @monitor.py:476][0m param-summary/conv1/W-rms: 0.067559
[32m[0721 21:05:51 @monitor.py:476][0m param-summary/conv2/W-rms: 0.058791
[32m[0721 21:05:51 @monitor.py:476][0m param-summary/conv3/W-rms: 0.058735
[32m[0721 21:05:51 @monitor.py:476][0m param-summary/conv4/W-rms: 0.04176
[32m[0721 21:05:51 @monitor.py:476][0m param-summary/conv5/W-rms: 0.049724
[32m[0721 21:05:51 @monitor.py:476][0m param-summary/conv6/W-rms: 0.041484
[32m[0721 21:05:51 @monitor.py:476][0m param-summary/fc1/W-rms: 0.026989
[32m[0721 21:05:51 @monitor.py:476][0m regularize_cost: 1.8644e-07
[32m[0721 21:05:51 @monitor.py:476][0m train_error: 0.89192
[32m[0721 21:05:51 @monitor.py:476][0m val_accuracy: 0.11294
[32m[0721 21:05:51 @monitor.py:476][0m val_cross_entropy_loss: 2.302
[32m[0721 21:05:51 @base.py:273][0m Start Epoch 10 ...
[32m[0721 21:06:04 @base.py:283][0m Epoch 10 (global_step 4680) finished, time:12.7 seconds.
[32m[0721 21:06:04 @saver.py:82][0m Model saved to train_log/mnist-dorefa-4,4,6/model-4680.
[32m[0721 21:06:05 @monitor.py:476][0m QueueInput/queue_size: 50
[32m[0721 21:06:05 @monitor.py:476][0m accuracy: 0.10632
[32m[0721 21:06:05 @monitor.py:476][0m cost: 2.3171
[32m[0721 21:06:05 @monitor.py:476][0m cross_entropy_loss: 2.3171
[32m[0721 21:06:05 @monitor.py:476][0m param-summary/conv0/W-rms: 0.29698
[32m[0721 21:06:05 @monitor.py:476][0m param-summary/conv1/W-rms: 0.067559
[32m[0721 21:06:05 @monitor.py:476][0m param-summary/conv2/W-rms: 0.058791
[32m[0721 21:06:05 @monitor.py:476][0m param-summary/conv3/W-rms: 0.058735
[32m[0721 21:06:05 @monitor.py:476][0m param-summary/conv4/W-rms: 0.041765
[32m[0721 21:06:05 @monitor.py:476][0m param-summary/conv5/W-rms: 0.050296
[32m[0721 21:06:05 @monitor.py:476][0m param-summary/conv6/W-rms: 0.042763
[32m[0721 21:06:05 @monitor.py:476][0m param-summary/fc1/W-rms: 0.027319
[32m[0721 21:06:05 @monitor.py:476][0m regularize_cost: 1.9078e-07
[32m[0721 21:06:05 @monitor.py:476][0m train_error: 0.89368
[32m[0721 21:06:05 @monitor.py:476][0m val_accuracy: 0.096123
[32m[0721 21:06:05 @monitor.py:476][0m val_cross_entropy_loss: 2.3022
[32m[0721 21:06:05 @base.py:287][0m Training has finished!
[32m[0721 21:06:05 @input_source.py:177][0m [EnqueueThread] Thread EnqueueThread: enqueue dataflow to TF queue "QueueInput/input_queue" Exited.
